<?xml version="1.0" encoding="UTF-8"?>
<testsuite name="MatrixTest" tests="12" skipped="0" failures="0" errors="0" timestamp="2023-05-28T12:16:58" hostname="DESKTOP-07HMHSA" time="0.023">
  <properties/>
  <testcase name="test_10()" classname="MatrixTest" time="0.001"/>
  <testcase name="test_11()" classname="MatrixTest" time="0.002"/>
  <testcase name="test_12()" classname="MatrixTest" time="0.001"/>
  <testcase name="test_1()" classname="MatrixTest" time="0.001"/>
  <testcase name="test_2()" classname="MatrixTest" time="0.002"/>
  <testcase name="test_3()" classname="MatrixTest" time="0.001"/>
  <testcase name="test_4()" classname="MatrixTest" time="0.0"/>
  <testcase name="test_5()" classname="MatrixTest" time="0.0"/>
  <testcase name="test_6()" classname="MatrixTest" time="0.0"/>
  <testcase name="test_7()" classname="MatrixTest" time="0.009"/>
  <testcase name="test_8()" classname="MatrixTest" time="0.0"/>
  <testcase name="test_9()" classname="MatrixTest" time="0.001"/>
  <system-out><![CDATA[
--Test of hashCode--
5 1 7 
2 7 8 
5 0 0 
HashCode: 1015963
-----
4 1 0 
6 5 2 
7 9 1 
HashCode: 1015932

--Test of single matrix--
1 0 0 
0 1 0 
0 0 1 

INVALID MATRIX!: not square matrix

--Test of transpose--
9 0 5 
8 4 3 
8 4 6 
Transpose: 
9 8 8 
0 4 4 
5 3 6 


--Test of empty matrix--

--Test of self-made matrix 3x3--
0 0 0 
0 0 0 
0 0 0 

--Test of copy matrix--
8 7 7 
2 1 5 
6 3 5 
-----
8 7 7 
2 1 5 
6 3 5 

--Test of fill value in matrix--
7 3 2 
0 6 2 
9 8 1 

--Test of take element in matrix--
8 0 4 
2 9 7 
4 3 8 
First element: 8
INPUT INCORRECT!: row or colum out of range

--Test of take row--
4 6 0 
3 5 3 
7 8 2 
First row: 4 6 0 
Second row: 3 5 3 
Third row: 7 8 2 
INPUT INCORRECT!: row value out of range

--Test of take colum--
8 8 6 
7 6 5 
1 3 4 
First colum: 8 7 1 
Second colum: 8 6 3 
Third colum: 6 5 4 
INPUT INCORRECT!: colum value out of range

--Test of dimension--

--Test of equals--
0 4 3 
5 4 2 
9 8 7 
-----
0 4 3 
5 4 2 
9 8 7 
Is equal: true
]]></system-out>
  <system-err><![CDATA[]]></system-err>
</testsuite>
