<?xml version="1.0" encoding="UTF-8"?>
<testsuite name="ImmutableTest" tests="12" skipped="0" failures="0" errors="0" timestamp="2023-06-20T23:42:29" hostname="DESKTOP-07HMHSA" time="0.067">
  <properties/>
  <testcase name="test_10()" classname="ImmutableTest" time="0.032"/>
  <testcase name="test_11()" classname="ImmutableTest" time="0.01"/>
  <testcase name="test_12()" classname="ImmutableTest" time="0.001"/>
  <testcase name="test_1()" classname="ImmutableTest" time="0.001"/>
  <testcase name="test_2()" classname="ImmutableTest" time="0.001"/>
  <testcase name="test_3()" classname="ImmutableTest" time="0.009"/>
  <testcase name="test_4()" classname="ImmutableTest" time="0.001"/>
  <testcase name="test_5()" classname="ImmutableTest" time="0.001"/>
  <testcase name="test_6()" classname="ImmutableTest" time="0.0"/>
  <testcase name="test_7()" classname="ImmutableTest" time="0.001"/>
  <testcase name="test_8()" classname="ImmutableTest" time="0.001"/>
  <testcase name="test_9()" classname="ImmutableTest" time="0.002"/>
  <system-out><![CDATA[
--Test of hashCode--
6 1 2 3 
4 7 9 1 
3 6 2 6 
4 5 4 7 
HashCode: 1046746

--Test of single immutable matrix--
1 0 0 0 0 
0 1 0 0 0 
0 0 1 0 0 
0 0 0 1 0 
0 0 0 0 1 

INVALID MATRIX!: not square matrix

--Test of transpose--
7 4 8 5 
4 9 0 8 
2 9 2 7 
6 7 9 4 
Transpose: 
7 4 2 6 
4 9 9 7 
8 0 2 9 
5 8 7 4 


--Test of empty immutable matrix--

--Test of self-made immutable matrix 4x4--
0 0 0 0 
0 0 0 0 
0 0 0 0 
0 0 0 0 

--Test of copy immutable matrix--
5 8 7 2 
3 3 0 0 
0 7 3 0 
6 8 5 6 
-------
5 8 7 2 
3 3 0 0 
0 7 3 0 
6 8 5 6 
First matrix: class Immutable
Second matrix: class Immutable

--Test of fill value in immutable matrix--
Invalid operation for immutable matrix! 

--Test of take element of immutable matrix--
9 2 6 1 
4 8 0 4 
3 3 5 4 
8 0 7 0 
First element: 9
INPUT INCORRECT!: row or colum out of range

--Test of take row--
4 8 4 
8 1 9 
9 2 7 
First row: 4 8 4 
Second row: 8 1 9 
Third row: 9 2 7 
INPUT INCORRECT!: row value out of range

--Test of take colum--
7 2 8 
1 6 3 
4 1 0 
First row: 7 1 4 
Second row: 2 6 1 
Third row: 8 3 0 
INPUT INCORRECT!: colum value out of range

--Test of dimension--
DimensionImmut: 4x4

--Test of equals--
false
false
true
]]></system-out>
  <system-err><![CDATA[]]></system-err>
</testsuite>
